Exception at PC 0x00007FFCAF1CBB93
Printing stacktrace...

Exception at PC 0x00007FFD79EF03EC
Exception at PC 0x00007FFD79EF03EC
Unable to capture context for thread 16780 in process 15868, can not generate back trace
Unable to capture context for thread 7000 in process 15868, can not generate back trace
Exception at PC 0x00007FFD79EF03EC
Exception at PC 0x00007FFD79EF03EC
Exception at PC 0x00007FFD79EF03EC
Exception at PC 0x00007FFD79EF03EC
Exception at PC 0x00007FFD79EF03EC
Exception at PC 0x00007FFD79EF03EC
Exception at PC 0x00007FFD79EF03EC
Exception at PC 0x00007FFD79EF03EC
Exception at PC 0x00007FFD79EF03EC
Exception at PC 0x00007FFD79EF03EC
[0]  [0x00007FFCAF1CBB93]
[1]  [0x00007FFCAF1CBB93]
[2]  [0x00007FFCAF1CB4A1]
[3]  [0x00007FFCAF1CB459]
[4]  [0x00007FFCAF1B19FE]
[5]  [0x00007FFCAF1B0ED1]
[6]  [0x00007FFCAF1B0D76]
[7]  [0x00007FFCAF1579F6]
[8]  [0x00007FFCAF147AFB]
[9]  [0x00007FFCAF26E90A]
[10]  [0x00007FFCAF289F87]
[11]  [0x00007FFCAF28A05F]
[12] (BaseThreadInitThunk+0x1d) [0x00007FFD7AD9244D]
[13] (RtlUserThreadStart+0x28) [0x00007FFD7C8CDFB8]
Done
Exception at PC 0x00007FFD79EF03EC
Exception at PC 0x00007FFD79EF03EC
Exception at PC 0x00007FFD79EF03EC
Exception at PC 0x00007FFD79EF03EC
Exception at PC 0x00007FFD79EF03EC
Exception at PC 0x00007FFD79EF03EC
